feedback.html     http://outreach.vlabs.ac.in/
index.html     http://outreach.vlabs.ac.in/
objective.html     http://outreach.vlabs.ac.in/
performance-report.html     http://vlab.co.in
posttest.html     http://outreach.vlabs.ac.in/
pretest.html     http://outreach.vlabs.ac.in/
procedure.html     http://outreach.vlabs.ac.in/
references.html     http://homepages.inf.ed.ac.uk/rbf/HIPR2/affine.htm
references.html     http://www.geom.uiuc.edu/docs/reference/CRC-formulas/node15.html
references.html     http://www.leptonica.com/affine.html
references.html     http://www.roborealm.com/help/Affine.php
references.html     http://www.eng.tau.ac.il/~yaro/lectnotes/
references.html     http://www.cs.nmt.edu/~ip/lectures.html
references.html     http://outreach.vlabs.ac.in/
theory.html     http://outreach.vlabs.ac.in/
validator-report.html     http://vlab.co.in
assignment/content.html     http://virtual-labs.ac.in/feedback/?lab=cse19
assignment/content.html     http://www.sakshat.ac.in/
assignment/content.html     http://outreach.vlabs.ac.in/
assignment/content.html     http://vlab.co.in/faq
assignment/content.html     http://virtual-labs.ac.in/nmeict/
assignment/content.html     http://virtual-labs.ac.in/licensing/
assignment/faq.html     http://vlabs.ac.in/index.html
assignment/faq.html     http://vlabs.ac.in/index.html
assignment/faq.html     http://vlabs.ac.in/index.html#partner
assignment/faq.html     http://vlabs.ac.in/index.html#contact
assignment/faq.html     http://vlabs.ac.in/
assignment/faq.html     http://vlabs.ac.in/pre-requisites.html
assignment/faq.html     http://vlabs-dev.vlabs.ac.in/community/contributing.html
assignment/faq.html     http://www.sakshat.ac.in/
assignment/faq.html     http://outreach.vlabs.ac.in/
assignment/faq.html     http://vlab.co.in/faq
assignment/template.html     http://vlabs.ac.in/index.html
assignment/template.html     http://vlabs.ac.in/index.html
assignment/template.html     http://vlabs.ac.in/index.html#partner
assignment/template.html     http://vlabs.ac.in/index.html#contact
assignment/template.html     http://www.sakshat.ac.in/
assignment/template.html     http://outreach.vlabs.ac.in/
assignment/template.html     http://vlab.co.in/faq
simulation/Introduction.html     http://vlabs.ac.in/index.html
simulation/Introduction.html     http://vlabs.ac.in/index.html
simulation/Introduction.html     http://vlabs.ac.in/index.html#partner
simulation/Introduction.html     http://vlabs.ac.in/index.html#contact
simulation/Introduction.html     http://vlabs.ac.in/computer-science-and-engineering-labs.html
simulation/Introduction.html     http://www.sakshat.ac.in/
simulation/Introduction.html     http://outreach.vlabs.ac.in/
simulation/Introduction.html     http://vlab.co.in/faq
simulation/Target Audience.html     http://vlabs.ac.in/index.html
simulation/Target Audience.html     http://vlabs.ac.in/index.html
simulation/Target Audience.html     http://vlabs.ac.in/index.html#partner
simulation/Target Audience.html     http://vlabs.ac.in/index.html#contact
simulation/Target Audience.html     http://vlabs.ac.in/computer-science-and-engineering-labs.html
simulation/Target Audience.html     http://www.sakshat.ac.in/
simulation/Target Audience.html     http://outreach.vlabs.ac.in/
simulation/Target Audience.html     http://vlab.co.in/faq
simulation/content.html     http://virtual-labs.ac.in/feedback/?lab=cse19
simulation/content.html     http://www.sakshat.ac.in/
simulation/content.html     http://outreach.vlabs.ac.in/
simulation/content.html     http://vlab.co.in/faq
simulation/content.html     http://virtual-labs.ac.in/nmeict/
simulation/content.html     http://virtual-labs.ac.in/licensing/
simulation/default.html     http://www.sakshat.ac.in/
simulation/default.html     http://outreach.vlabs.ac.in/
simulation/default.html     http://vlab.co.in/faq
simulation/faq.html     http://vlabs.ac.in/index.html
simulation/faq.html     http://vlabs.ac.in/index.html
simulation/faq.html     http://vlabs.ac.in/index.html#partner
simulation/faq.html     http://vlabs.ac.in/index.html#contact
simulation/faq.html     http://vlabs.ac.in/
simulation/faq.html     http://vlabs.ac.in/pre-requisites.html
simulation/faq.html     http://vlabs-dev.vlabs.ac.in/community/contributing.html
simulation/faq.html     http://www.sakshat.ac.in/
simulation/faq.html     http://outreach.vlabs.ac.in/
simulation/faq.html     http://vlab.co.in/faq
simulation/template.html     http://vlabs.ac.in/index.html
simulation/template.html     http://vlabs.ac.in/index.html
simulation/template.html     http://vlabs.ac.in/index.html#partner
simulation/template.html     http://vlabs.ac.in/index.html#contact
simulation/template.html     http://www.sakshat.ac.in/
simulation/template.html     http://outreach.vlabs.ac.in/
simulation/template.html     http://vlab.co.in/faq
assignment/affine/Assignment.html     http://vlabs.ac.in/index.html
assignment/affine/Assignment.html     http://vlab.co.in/
assignment/affine/Assignment.html     http://vlab.co.in/participating-institutes
assignment/affine/Assignment.html     http://vlab.co.in/contact-us
assignment/affine/Assignment.html     http://vlab.co.in/broad-area-computer-science-and-engineering
assignment/affine/Assignment.html     http://www.sakshat.ac.in/
assignment/affine/Assignment.html     http://outreach.vlabs.ac.in/
assignment/affine/Assignment.html     http://vlab.co.in/faq
simulation/affine/Assignment.html     http://vlabs.ac.in/index.html
simulation/affine/Assignment.html     http://vlab.co.in/
simulation/affine/Assignment.html     http://vlab.co.in/participating-institutes
simulation/affine/Assignment.html     http://vlab.co.in/contact-us
simulation/affine/Assignment.html     http://vlab.co.in/broad-area-computer-science-and-engineering
simulation/affine/Assignment.html     http://www.sakshat.ac.in/
simulation/affine/Assignment.html     http://outreach.vlabs.ac.in/
simulation/affine/Assignment.html     http://vlab.co.in/faq
simulation/diff/Assignment.html     http://vlabs.ac.in/index.html
simulation/diff/Assignment.html     http://vlab.co.in/
simulation/diff/Assignment.html     http://vlab.co.in/participating-institutes
simulation/diff/Assignment.html     http://vlab.co.in/contact-us
simulation/diff/Assignment.html     http://vlab.co.in/broad-area-computer-science-and-engineering
simulation/diff/Assignment.html     http://www.sakshat.ac.in/
simulation/diff/Assignment.html     http://vlab.co.in/faq
simulation/diff/Assignment.html     http://outreach.vlabs.ac.in/
simulation/diff/Experiment.html     http://vlabs.ac.in/index.html
simulation/diff/Experiment.html     http://vlab.co.in/
simulation/diff/Experiment.html     http://vlab.co.in/participating-institutes
simulation/diff/Experiment.html     http://vlab.co.in/contact-us
simulation/diff/Experiment.html     http://vlab.co.in/broad-area-computer-science-and-engineering
simulation/diff/Experiment.html     http://outreach.vlabs.ac.in/
simulation/diff/Experiment.html     http://www.sakshat.ac.in/
simulation/diff/Experiment.html     http://vlab.co.in/faq
simulation/diff/Feedback.html     http://vlab.co.in
simulation/diff/Feedback.html     http://vlab.co.in/
simulation/diff/Feedback.html     http://vlab.co.in/participating-institutes
simulation/diff/Feedback.html     http://vlab.co.in/contact-us
simulation/diff/Feedback.html     http://vlab.co.in/broad-area-computer-science-and-engineering
simulation/diff/Feedback.html     http://209.211.220.205/feedback/feedback.html
simulation/diff/Feedback.html     http://www.sakshat.ac.in/
simulation/diff/Feedback.html     http://outreach.vlabs.ac.in/
simulation/diff/Feedback.html     http://vlab.co.in/faq
simulation/diff/Introduction.html     http://vlabs.ac.in/index.html
simulation/diff/Introduction.html     http://vlab.co.in/
simulation/diff/Introduction.html     http://vlab.co.in/participating-institutes
simulation/diff/Introduction.html     http://vlab.co.in/contact-us
simulation/diff/Introduction.html     http://vlab.co.in/broad-area-computer-science-and-engineering
simulation/diff/Introduction.html     http://outreach.vlabs.ac.in/
simulation/diff/Introduction.html     http://www.sakshat.ac.in/
simulation/diff/Introduction.html     http://vlab.co.in/faq
simulation/diff/Objective.html     http://vlabs.ac.in/index.html
simulation/diff/Objective.html     http://vlab.co.in/
simulation/diff/Objective.html     http://vlab.co.in/participating-institutes
simulation/diff/Objective.html     http://vlab.co.in/contact-us
simulation/diff/Objective.html     http://vlab.co.in/broad-area-computer-science-and-engineering
simulation/diff/Objective.html     http://www.sakshat.ac.in/
simulation/diff/Objective.html     http://outreach.vlabs.ac.in/
simulation/diff/Objective.html     http://vlab.co.in/faq
simulation/diff/Procedure.html     http://vlabs.ac.in/index.html
simulation/diff/Procedure.html     http://vlab.co.in/
simulation/diff/Procedure.html     http://vlab.co.in/participating-institutes
simulation/diff/Procedure.html     http://vlab.co.in/contact-us
simulation/diff/Procedure.html     http://vlab.co.in/broad-area-computer-science-and-engineering
simulation/diff/Procedure.html     http://www.sakshat.ac.in/
simulation/diff/Procedure.html     http://outreach.vlabs.ac.in/
simulation/diff/Procedure.html     http://vlab.co.in/faq
simulation/diff/Quizzes.html     http://vlabs.ac.in/index.html
simulation/diff/Quizzes.html     http://vlab.co.in/
simulation/diff/Quizzes.html     http://vlab.co.in/participating-institutes
simulation/diff/Quizzes.html     http://vlab.co.in/contact-us
simulation/diff/Quizzes.html     http://vlab.co.in/broad-area-computer-science-and-engineering
simulation/diff/Quizzes.html     http://www.sakshat.ac.in/
simulation/diff/Quizzes.html     http://outreach.vlabs.ac.in/
simulation/diff/Quizzes.html     http://vlab.co.in/faq
simulation/diff/References.html     http://vlabs.ac.in/index.html
simulation/diff/References.html     http://vlab.co.in/
simulation/diff/References.html     http://vlab.co.in/participating-institutes
simulation/diff/References.html     http://vlab.co.in/contact-us
simulation/diff/References.html     http://vlab.co.in/broad-area-computer-science-and-engineering
simulation/diff/References.html     http://www.sakshat.ac.in/
simulation/diff/References.html     http://outreach.vlabs.ac.in/
simulation/diff/References.html     http://vlab.co.in/faq
simulation/diff/Theory.html     http://vlabs.ac.in/index.html
simulation/diff/Theory.html     http://vlab.co.in/
simulation/diff/Theory.html     http://vlab.co.in/participating-institutes
simulation/diff/Theory.html     http://vlab.co.in/contact-us
simulation/diff/Theory.html     http://vlab.co.in/broad-area-computer-science-and-engineering
simulation/diff/Theory.html     http://www.sakshat.ac.in/
simulation/diff/Theory.html     http://outreach.vlabs.ac.in/
simulation/diff/Theory.html     http://vlab.co.in/faq
